#
# There is insufficient memory for the Java Runtime Environment to continue.
# Native memory allocation (malloc) failed to allocate 1048576 bytes. Error detail: AllocateHeap
# Possible reasons:
#   The system is out of physical RAM or swap space
#   This process is running with CompressedOops enabled, and the Java Heap may be blocking the growth of the native heap
# Possible solutions:
#   Reduce memory load on the system
#   Increase physical memory or swap space
#   Check if swap backing store is full
#   Decrease Java heap size (-Xmx/-Xms)
#   Decrease number of Java threads
#   Decrease Java thread stack sizes (-Xss)
#   Set larger code cache with -XX:ReservedCodeCacheSize=
#   JVM is running with Unscaled Compressed Oops mode in which the Java heap is
#     placed in the first 4GB address space. The Java Heap base address is the
#     maximum limit for the native heap growth. Please use -XX:HeapBaseMinAddress
#     to set the Java Heap base and to place the Java Heap above 4GB virtual address.
# This output file may be truncated or incomplete.
#
#  Out of Memory Error (allocation.cpp:44), pid=17664, tid=10000
#
# JRE version: OpenJDK Runtime Environment Temurin-21.0.8+9 (21.0.8+9) (build 21.0.8+9-LTS)
# Java VM: OpenJDK 64-Bit Server VM Temurin-21.0.8+9 (21.0.8+9-LTS, mixed mode, sharing, tiered, compressed oops, compressed class ptrs, parallel gc, windows-amd64)
# No core dump will be written. Minidumps are not enabled by default on client versions of Windows
#

---------------  S U M M A R Y ------------

Command Line: --add-modules=ALL-SYSTEM --add-opens=java.base/java.util=ALL-UNNAMED --add-opens=java.base/java.lang=ALL-UNNAMED --add-opens=java.base/sun.nio.fs=ALL-UNNAMED -Declipse.application=org.eclipse.jdt.ls.core.id1 -Dosgi.bundles.defaultStartLevel=4 -Declipse.product=org.eclipse.jdt.ls.core.product -Djava.import.generatesMetadataFilesAtProjectRoot=false -DDetectVMInstallationsJob.disabled=true -Dfile.encoding=utf8 -XX:+UseParallelGC -XX:GCTimeRatio=4 -XX:AdaptiveSizePolicyWeight=90 -Dsun.zip.disableMemoryMapping=true -Xmx2G -Xms100m -Xlog:disable -javaagent:c:\Users\Aluno\.vscode\extensions\redhat.java-1.46.0-win32-x64\lombok\lombok-1.18.39-4050.jar -XX:+HeapDumpOnOutOfMemoryError -XX:HeapDumpPath=c:\Users\Aluno\AppData\Roaming\Code\User\workspaceStorage\6805d130aa3b97c9109676c8cf309fc2\redhat.java -Daether.dependencyCollector.impl=bf c:\Users\Aluno\.vscode\extensions\redhat.java-1.46.0-win32-x64\server\plugins\org.eclipse.equinox.launcher_1.7.0.v20250519-0528.jar -configuration c:\Users\Aluno\AppData\Roaming\Code\User\globalStorage\redhat.java\1.46.0\config_win -data c:\Users\Aluno\AppData\Roaming\Code\User\workspaceStorage\6805d130aa3b97c9109676c8cf309fc2\redhat.java\jdt_ws --pipe=\\.\pipe\lsp-e020b16d869f341279258e51fc869929-sock

Host: AMD Ryzen 5 PRO 5650G with Radeon Graphics     , 12 cores, 7G,  Windows 11 , 64 bit Build 22621 (10.0.22621.4974)
Time: Fri Oct 10 16:01:10 2025 Hora oficial do Brasil elapsed time: 6754.005682 seconds (0d 1h 52m 34s)

---------------  T H R E A D  ---------------

Current thread (0x000001e72e1ccf90):  JavaThread "Attach Listener" daemon [_thread_in_vm, id=10000, stack(0x000000b239e00000,0x000000b239f00000) (1024K)]

Stack: [0x000000b239e00000,0x000000b239f00000]
Native frames: (J=compiled Java code, j=interpreted, Vv=VM code, C=native code)
V  [jvm.dll+0x6d2449]
V  [jvm.dll+0x8ae341]
V  [jvm.dll+0x8b08be]
V  [jvm.dll+0x8b0fa3]
V  [jvm.dll+0x280c96]
V  [jvm.dll+0xc0347]
V  [jvm.dll+0x6d2cf9]
V  [jvm.dll+0x131116]
V  [jvm.dll+0x3f2d16]
V  [jvm.dll+0x857e6b]
V  [jvm.dll+0x6d0b0d]
C  [ucrtbase.dll+0x29333]
C  [KERNEL32.DLL+0x1259d]
C  [ntdll.dll+0x5af38]


---------------  P R O C E S S  ---------------

Threads class SMR info:
_java_thread_list=0x000001e78c3f9730, length=42, elements={
0x000001e72bda3b00, 0x000001e72e1c9390, 0x000001e72e2ec710, 0x000001e72e1cc080,
0x000001e72e1ccf90, 0x000001e72e1d12e0, 0x000001e72e1d1d30, 0x000001e72e1d2ab0,
0x000001e72e1d4720, 0x000001e72e2a6200, 0x000001e7871c36f0, 0x000001e78c4a4980,
0x000001e78c684830, 0x000001e78c6bf1c0, 0x000001e78c6bfbf0, 0x000001e78d295010,
0x000001e78cbde600, 0x000001e78d30b700, 0x000001e78d30d7d0, 0x000001e78d30bd90,
0x000001e78d30cab0, 0x000001e78d30b070, 0x000001e790656730, 0x000001e790658800,
0x000001e790657ae0, 0x000001e790658e90, 0x000001e79065bc80, 0x000001e790657450,
0x000001e790658170, 0x000001e79065c310, 0x000001e790659520, 0x000001e79065a8d0,
0x000001e7906560a0, 0x000001e790659bb0, 0x000001e79065af60, 0x000001e79065b5f0,
0x000001e79065c9a0, 0x000001e79065d030, 0x000001e791586ac0, 0x000001e791583cd0,
0x000001e791585710, 0x000001e791584360
}

Java Threads: ( => current thread )
  0x000001e72bda3b00 JavaThread "main"                              [_thread_blocked, id=2132, stack(0x000000b239600000,0x000000b239700000) (1024K)]
  0x000001e72e1c9390 JavaThread "Reference Handler"          daemon [_thread_blocked, id=12492, stack(0x000000b239b00000,0x000000b239c00000) (1024K)]
  0x000001e72e2ec710 JavaThread "Finalizer"                  daemon [_thread_blocked, id=6616, stack(0x000000b239c00000,0x000000b239d00000) (1024K)]
  0x000001e72e1cc080 JavaThread "Signal Dispatcher"          daemon [_thread_blocked, id=19120, stack(0x000000b239d00000,0x000000b239e00000) (1024K)]
=>0x000001e72e1ccf90 JavaThread "Attach Listener"            daemon [_thread_in_vm, id=10000, stack(0x000000b239e00000,0x000000b239f00000) (1024K)]
  0x000001e72e1d12e0 JavaThread "Service Thread"             daemon [_thread_blocked, id=12164, stack(0x000000b239f00000,0x000000b23a000000) (1024K)]
  0x000001e72e1d1d30 JavaThread "Monitor Deflation Thread"   daemon [_thread_blocked, id=20164, stack(0x000000b23a000000,0x000000b23a100000) (1024K)]
  0x000001e72e1d2ab0 JavaThread "C2 CompilerThread0"         daemon [_thread_blocked, id=2676, stack(0x000000b23a100000,0x000000b23a200000) (1024K)]
  0x000001e72e1d4720 JavaThread "C1 CompilerThread0"         daemon [_thread_blocked, id=13732, stack(0x000000b23a200000,0x000000b23a300000) (1024K)]
  0x000001e72e2a6200 JavaThread "Common-Cleaner"             daemon [_thread_blocked, id=4700, stack(0x000000b23a300000,0x000000b23a400000) (1024K)]
  0x000001e7871c36f0 JavaThread "Notification Thread"        daemon [_thread_blocked, id=18584, stack(0x000000b23a700000,0x000000b23a800000) (1024K)]
  0x000001e78c4a4980 JavaThread "Active Thread: Equinox Container: 3134ba01-99fc-4d0c-a1cd-eb78cd41efbd"        [_thread_blocked, id=14624, stack(0x000000b23ae00000,0x000000b23af00000) (1024K)]
  0x000001e78c684830 JavaThread "Refresh Thread: Equinox Container: 3134ba01-99fc-4d0c-a1cd-eb78cd41efbd" daemon [_thread_blocked, id=10440, stack(0x000000b23af00000,0x000000b23b000000) (1024K)]
  0x000001e78c6bf1c0 JavaThread "Framework Event Dispatcher: Equinox Container: 3134ba01-99fc-4d0c-a1cd-eb78cd41efbd" daemon [_thread_blocked, id=16436, stack(0x000000b23b100000,0x000000b23b200000) (1024K)]
  0x000001e78c6bfbf0 JavaThread "Start Level: Equinox Container: 3134ba01-99fc-4d0c-a1cd-eb78cd41efbd" daemon [_thread_blocked, id=6860, stack(0x000000b23b200000,0x000000b23b300000) (1024K)]
  0x000001e78d295010 JavaThread "Bundle File Closer"         daemon [_thread_blocked, id=17676, stack(0x000000b23b500000,0x000000b23b600000) (1024K)]
  0x000001e78cbde600 JavaThread "SCR Component Actor"        daemon [_thread_blocked, id=19464, stack(0x000000b23b600000,0x000000b23b700000) (1024K)]
  0x000001e78d30b700 JavaThread "Worker-JM"                         [_thread_blocked, id=8224, stack(0x000000b23b700000,0x000000b23b800000) (1024K)]
  0x000001e78d30d7d0 JavaThread "JNA Cleaner"                daemon [_thread_blocked, id=3528, stack(0x000000b23a500000,0x000000b23a600000) (1024K)]
  0x000001e78d30bd90 JavaThread "Java indexing"              daemon [_thread_blocked, id=17576, stack(0x000000b23bb00000,0x000000b23bc00000) (1024K)]
  0x000001e78d30cab0 JavaThread "Worker-2"                          [_thread_blocked, id=1204, stack(0x000000b23bc00000,0x000000b23bd00000) (1024K)]
  0x000001e78d30b070 JavaThread "Worker-3"                          [_thread_blocked, id=15620, stack(0x000000b23bf00000,0x000000b23c000000) (1024K)]
  0x000001e790656730 JavaThread "Thread-1"                   daemon [_thread_in_native, id=19480, stack(0x000000b23c100000,0x000000b23c200000) (1024K)]
  0x000001e790658800 JavaThread "Thread-2"                   daemon [_thread_in_native, id=10572, stack(0x000000b23c200000,0x000000b23c300000) (1024K)]
  0x000001e790657ae0 JavaThread "Thread-3"                   daemon [_thread_in_native, id=12992, stack(0x000000b23c300000,0x000000b23c400000) (1024K)]
  0x000001e790658e90 JavaThread "Thread-4"                   daemon [_thread_in_native, id=19724, stack(0x000000b23c400000,0x000000b23c500000) (1024K)]
  0x000001e79065bc80 JavaThread "Thread-5"                   daemon [_thread_in_native, id=10556, stack(0x000000b23c500000,0x000000b23c600000) (1024K)]
  0x000001e790657450 JavaThread "Thread-6"                   daemon [_thread_in_native, id=13584, stack(0x000000b23c600000,0x000000b23c700000) (1024K)]
  0x000001e790658170 JavaThread "Thread-7"                   daemon [_thread_in_native, id=4656, stack(0x000000b23c700000,0x000000b23c800000) (1024K)]
  0x000001e79065c310 JavaThread "Thread-8"                   daemon [_thread_in_native, id=15856, stack(0x000000b23c800000,0x000000b23c900000) (1024K)]
  0x000001e790659520 JavaThread "Thread-9"                   daemon [_thread_in_native, id=3504, stack(0x000000b23c900000,0x000000b23ca00000) (1024K)]
  0x000001e79065a8d0 JavaThread "Thread-10"                  daemon [_thread_in_native, id=5692, stack(0x000000b23ca00000,0x000000b23cb00000) (1024K)]
  0x000001e7906560a0 JavaThread "Thread-11"                  daemon [_thread_in_native, id=16532, stack(0x000000b23cb00000,0x000000b23cc00000) (1024K)]
  0x000001e790659bb0 JavaThread "Thread-12"                  daemon [_thread_in_native, id=11884, stack(0x000000b23cc00000,0x000000b23cd00000) (1024K)]
  0x000001e79065af60 JavaThread "Thread-13"                  daemon [_thread_in_native, id=12956, stack(0x000000b23cd00000,0x000000b23ce00000) (1024K)]
  0x000001e79065b5f0 JavaThread "pool-2-thread-1"                   [_thread_blocked, id=12056, stack(0x000000b23ce00000,0x000000b23cf00000) (1024K)]
  0x000001e79065c9a0 JavaThread "WorkspaceEventsHandler"            [_thread_blocked, id=10512, stack(0x000000b23cf00000,0x000000b23d000000) (1024K)]
  0x000001e79065d030 JavaThread "pool-1-thread-1"                   [_thread_blocked, id=16856, stack(0x000000b23d000000,0x000000b23d100000) (1024K)]
  0x000001e791586ac0 JavaThread "Cleaner-0"                  daemon [_thread_blocked, id=19940, stack(0x000000b23d900000,0x000000b23da00000) (1024K)]
  0x000001e791583cd0 JavaThread "Java Debug Server"          daemon [_thread_in_native, id=10092, stack(0x000000b239500000,0x000000b239600000) (1024K)]
  0x000001e791585710 JavaThread "RxSchedulerPurge-1"         daemon [_thread_blocked, id=20392, stack(0x000000b23a400000,0x000000b23a500000) (1024K)]
  0x000001e791584360 JavaThread "RxCachedWorkerPoolEvictor-1" daemon [_thread_blocked, id=10532, stack(0x000000b23da00000,0x000000b23db00000) (1024K)]
Total: 42

Other Threads:
  0x000001e72e1c4530 VMThread "VM Thread"                           [id=9444, stack(0x000000b239a00000,0x000000b239b00000) (1024K)]
  0x000001e72e0bca00 WatcherThread "VM Periodic Task Thread"        [id=13012, stack(0x000000b239900000,0x000000b239a00000) (1024K)]
  0x000001e72e258420 WorkerThread "GC Thread#0"                     [id=15464, stack(0x000000b239800000,0x000000b239900000) (1024K)]
  0x000001e78c6c58c0 WorkerThread "GC Thread#1"                     [id=17316, stack(0x000000b23a800000,0x000000b23a900000) (1024K)]
  0x000001e78c6c8180 WorkerThread "GC Thread#2"                     [id=9056, stack(0x000000b23a900000,0x000000b23aa00000) (1024K)]
  0x000001e78c539f60 WorkerThread "GC Thread#3"                     [id=8532, stack(0x000000b23aa00000,0x000000b23ab00000) (1024K)]
  0x000001e78c53a300 WorkerThread "GC Thread#4"                     [id=7060, stack(0x000000b23ab00000,0x000000b23ac00000) (1024K)]
  0x000001e78c53a6a0 WorkerThread "GC Thread#5"                     [id=2036, stack(0x000000b23ac00000,0x000000b23ad00000) (1024K)]
  0x000001e78c3990a0 WorkerThread "GC Thread#6"                     [id=17892, stack(0x000000b23ad00000,0x000000b23ae00000) (1024K)]
  0x000001e78c684e90 WorkerThread "GC Thread#7"                     [id=13684, stack(0x000000b23b000000,0x000000b23b100000) (1024K)]
  0x000001e78ccaf420 WorkerThread "GC Thread#8"                     [id=6760, stack(0x000000b23b300000,0x000000b23b400000) (1024K)]
  0x000001e78ccaf080 WorkerThread "GC Thread#9"                     [id=13556, stack(0x000000b23b400000,0x000000b23b500000) (1024K)]
Total: 12

Threads with active compile tasks:
Total: 0

VM state: not at safepoint (normal execution)

VM Mutex/Monitor currently owned by a thread: None

Heap address: 0x0000000080000000, size: 2048 MB, Compressed Oops mode: 32-bit

CDS archive(s) mapped at: [0x000001e745000000-0x000001e745ba0000-0x000001e745ba0000), size 12189696, SharedBaseAddress: 0x000001e745000000, ArchiveRelocationMode: 1.
Compressed class space mapped at: 0x000001e746000000-0x000001e786000000, reserved size: 1073741824
Narrow klass base: 0x000001e745000000, Narrow klass shift: 0, Narrow klass range: 0x100000000

GC Precious Log:
 CardTable entry size: 512
 CPUs: 12 total, 12 available
 Memory: 7529M
 Large Page Support: Disabled
 NUMA Support: Disabled
 Compressed Oops: Enabled (32-bit)
 Alignments: Space 512K, Generation 512K, Heap 2M
 Heap Min Capacity: 100M
 Heap Initial Capacity: 100M
 Heap Max Capacity: 2G
 Pre-touch: Disabled
 Parallel Workers: 10

Heap:
 PSYoungGen      total 3584K, used 2701K [0x00000000d5580000, 0x00000000d5a00000, 0x0000000100000000)
  eden space 2048K, 95% used [0x00000000d5580000,0x00000000d576b540,0x00000000d5780000)
  from space 1536K, 47% used [0x00000000d5780000,0x00000000d5838000,0x00000000d5900000)
  to   space 1024K, 0% used [0x00000000d5900000,0x00000000d5900000,0x00000000d5a00000)
 ParOldGen       total 251904K, used 251450K [0x0000000080000000, 0x000000008f600000, 0x00000000d5580000)
  object space 251904K, 99% used [0x0000000080000000,0x000000008f58e890,0x000000008f600000)
 Metaspace       used 74446K, committed 76032K, reserved 1179648K
  class space    used 8040K, committed 8704K, reserved 1048576K

Card table byte_map: [0x000001e72dbd0000,0x000001e72dfe0000] _byte_map_base: 0x000001e72d7d0000

Marking Bits: (ParMarkBitMap*) 0x00007fffacf8a340
 Begin Bits: [0x000001e7406d0000, 0x000001e7426d0000)
 End Bits:   [0x000001e7426d0000, 0x000001e7446d0000)

Polling page: 0x000001e72c070000

Metaspace:

Usage:
  Non-class:     64.85 MB used.
      Class:      7.85 MB used.
       Both:     72.70 MB used.

Virtual space:
  Non-class space:      128.00 MB reserved,      65.75 MB ( 51%) committed,  2 nodes.
      Class space:        1.00 GB reserved,       8.50 MB ( <1%) committed,  1 nodes.
             Both:        1.12 GB reserved,      74.25 MB (  6%) committed. 

Chunk freelists:
   Non-Class:  13.97 MB
       Class:  7.38 MB
        Both:  21.34 MB

MaxMetaspaceSize: unlimited
CompressedClassSpaceSize: 1.00 GB
Initial GC threshold: 21.00 MB
Current GC threshold: 97.31 MB
CDS: on
 - commit_granule_bytes: 65536.
 - commit_granule_words: 8192.
 - virtual_space_node_default_size: 8388608.
 - enlarge_chunks_in_place: 1.
 - use_allocation_guard: 0.


Internal statistics:

num_allocs_failed_limit: 9.
num_arena_births: 1354.
num_arena_deaths: 22.
num_vsnodes_births: 3.
num_vsnodes_deaths: 0.
num_space_committed: 1188.
num_space_uncommitted: 0.
num_chunks_returned_to_freelist: 34.
num_chunks_taken_from_freelist: 4931.
num_chunk_merges: 18.
num_chunk_splits: 3016.
num_chunks_enlarged: 1680.
num_inconsistent_stats: 0.

CodeHeap 'non-profiled nmethods': size=120000Kb used=8200Kb max_used=8200Kb free=111799Kb
 bounds [0x000001e738ef0000, 0x000001e739700000, 0x000001e740420000]
CodeHeap 'profiled nmethods': size=120000Kb used=26402Kb max_used=26402Kb free=93598Kb
 bounds [0x000001e731420000, 0x000001e732df0000, 0x000001e738950000]
CodeHeap 'non-nmethods': size=5760Kb used=1481Kb max_used=1529Kb free=4278Kb
 bounds [0x000001e738950000, 0x000001e738bc0000, 0x000001e738ef0000]
CodeCache: size=245760Kb, used=36083Kb, max_used=36131Kb, free=209675Kb
 total_blobs=12975, nmethods=12172, adapters=708, full_count=0
Compilation: enabled, stopped_count=0, restarted_count=0

Compilation events (20 events):
Event: 5737.301 Thread 0x000001e72e1d4720 12927       3       java.util.logging.LogManager::getLogManager (16 bytes)
Event: 5737.308 Thread 0x000001e72e1d4720 nmethod 12927 0x000001e732de3590 code [0x000001e732de3740, 0x000001e732de3880]
Event: 5767.318 Thread 0x000001e72e1d4720 12928   !   3       java.util.logging.LogManager$LoggerContext::findLogger (113 bytes)
Event: 5767.366 Thread 0x000001e72e1d4720 nmethod 12928 0x000001e732de3910 code [0x000001e732de3bc0, 0x000001e732de4b20]
Event: 5887.366 Thread 0x000001e72e1d4720 12929       3       jdk.internal.logger.DefaultLoggerFinder::isSystem (18 bytes)
Event: 5887.406 Thread 0x000001e72e1d4720 nmethod 12929 0x000001e732de5090 code [0x000001e732de52e0, 0x000001e732de5bf0]
Event: 5887.407 Thread 0x000001e72e1d4720 12930       3       jdk.internal.logger.DefaultLoggerFinder$1::<init> (10 bytes)
Event: 5887.407 Thread 0x000001e72e1d4720 nmethod 12930 0x000001e732de5f90 code [0x000001e732de6140, 0x000001e732de62c8]
Event: 5887.407 Thread 0x000001e72e1d4720 12931       3       jdk.internal.logger.DefaultLoggerFinder$1::run (5 bytes)
Event: 5887.410 Thread 0x000001e72e1d4720 nmethod 12931 0x000001e732de6390 code [0x000001e732de65a0, 0x000001e732de6c20]
Event: 6067.474 Thread 0x000001e72e1d4720 12932       3       java.util.logging.LogManager::demandLogger (23 bytes)
Event: 6067.487 Thread 0x000001e72e1d4720 nmethod 12932 0x000001e732de6e90 code [0x000001e732de7040, 0x000001e732de7208]
Event: 6067.487 Thread 0x000001e72e1d4720 12933       3       java.util.logging.LogManager::demandLogger (53 bytes)
Event: 6067.492 Thread 0x000001e72e1d4720 nmethod 12933 0x000001e732de7310 code [0x000001e732de7540, 0x000001e732de7b98]
Event: 6067.492 Thread 0x000001e72e1d4720 12934       3       java.util.logging.LogManager::getLogger (9 bytes)
Event: 6067.493 Thread 0x000001e72e1d4720 nmethod 12934 0x000001e732de7e10 code [0x000001e732de7fc0, 0x000001e732de81d0]
Event: 6487.597 Thread 0x000001e72e1d2ab0 12935       4       java.util.concurrent.locks.AbstractQueuedSynchronizer$Node::clearStatus (12 bytes)
Event: 6487.609 Thread 0x000001e72e1d2ab0 nmethod 12935 0x000001e7396f2090 code [0x000001e7396f2220, 0x000001e7396f22b0]
Event: 6603.579 Thread 0x000001e72e1d4720 12936       3       org.eclipse.core.internal.resources.MarkerAttributeMap::getMap (11 bytes)
Event: 6603.584 Thread 0x000001e72e1d4720 nmethod 12936 0x000001e732de8310 code [0x000001e732de84c0, 0x000001e732de8700]

GC Heap History (20 events):
Event: 3210.330 GC heap before
{Heap before GC invocations=337 (full 3):
 PSYoungGen      total 3584K, used 3424K [0x00000000d5580000, 0x00000000d5a80000, 0x0000000100000000)
  eden space 2048K, 99% used [0x00000000d5580000,0x00000000d577fff0,0x00000000d5780000)
  from space 1536K, 89% used [0x00000000d5780000,0x00000000d58d8020,0x00000000d5900000)
  to   space 1536K, 0% used [0x00000000d5900000,0x00000000d5900000,0x00000000d5a80000)
 ParOldGen       total 242688K, used 242392K [0x0000000080000000, 0x000000008ed00000, 0x00000000d5580000)
  object space 242688K, 99% used [0x0000000080000000,0x000000008ecb63a0,0x000000008ed00000)
 Metaspace       used 74386K, committed 75968K, reserved 1179648K
  class space    used 8036K, committed 8704K, reserved 1048576K
}
Event: 3210.335 GC heap after
{Heap after GC invocations=337 (full 3):
 PSYoungGen      total 3584K, used 1118K [0x00000000d5580000, 0x00000000d5b00000, 0x0000000100000000)
  eden space 2048K, 0% used [0x00000000d5580000,0x00000000d5580000,0x00000000d5780000)
  from space 1536K, 72% used [0x00000000d5900000,0x00000000d5a17960,0x00000000d5a80000)
  to   space 1536K, 0% used [0x00000000d5780000,0x00000000d5780000,0x00000000d5900000)
 ParOldGen       total 243712K, used 243595K [0x0000000080000000, 0x000000008ee00000, 0x00000000d5580000)
  object space 243712K, 99% used [0x0000000080000000,0x000000008ede2cc0,0x000000008ee00000)
 Metaspace       used 74386K, committed 75968K, reserved 1179648K
  class space    used 8036K, committed 8704K, reserved 1048576K
}
Event: 3210.341 GC heap before
{Heap before GC invocations=338 (full 3):
 PSYoungGen      total 3584K, used 3166K [0x00000000d5580000, 0x00000000d5b00000, 0x0000000100000000)
  eden space 2048K, 99% used [0x00000000d5580000,0x00000000d577fff0,0x00000000d5780000)
  from space 1536K, 72% used [0x00000000d5900000,0x00000000d5a17960,0x00000000d5a80000)
  to   space 1536K, 0% used [0x00000000d5780000,0x00000000d5780000,0x00000000d5900000)
 ParOldGen       total 243712K, used 243595K [0x0000000080000000, 0x000000008ee00000, 0x00000000d5580000)
  object space 243712K, 99% used [0x0000000080000000,0x000000008ede2cc0,0x000000008ee00000)
 Metaspace       used 74389K, committed 75968K, reserved 1179648K
  class space    used 8036K, committed 8704K, reserved 1048576K
}
Event: 3210.346 GC heap after
{Heap after GC invocations=338 (full 3):
 PSYoungGen      total 3584K, used 1120K [0x00000000d5580000, 0x00000000d5b00000, 0x0000000100000000)
  eden space 2048K, 0% used [0x00000000d5580000,0x00000000d5580000,0x00000000d5780000)
  from space 1536K, 72% used [0x00000000d5780000,0x00000000d5898000,0x00000000d5900000)
  to   space 1536K, 0% used [0x00000000d5980000,0x00000000d5980000,0x00000000d5b00000)
 ParOldGen       total 244736K, used 244465K [0x0000000080000000, 0x000000008ef00000, 0x00000000d5580000)
  object space 244736K, 99% used [0x0000000080000000,0x000000008eebc620,0x000000008ef00000)
 Metaspace       used 74389K, committed 75968K, reserved 1179648K
  class space    used 8036K, committed 8704K, reserved 1048576K
}
Event: 3210.363 GC heap before
{Heap before GC invocations=339 (full 3):
 PSYoungGen      total 3584K, used 3168K [0x00000000d5580000, 0x00000000d5b00000, 0x0000000100000000)
  eden space 2048K, 100% used [0x00000000d5580000,0x00000000d5780000,0x00000000d5780000)
  from space 1536K, 72% used [0x00000000d5780000,0x00000000d5898000,0x00000000d5900000)
  to   space 1536K, 0% used [0x00000000d5980000,0x00000000d5980000,0x00000000d5b00000)
 ParOldGen       total 244736K, used 244465K [0x0000000080000000, 0x000000008ef00000, 0x00000000d5580000)
  object space 244736K, 99% used [0x0000000080000000,0x000000008eebc620,0x000000008ef00000)
 Metaspace       used 74406K, committed 75968K, reserved 1179648K
  class space    used 8036K, committed 8704K, reserved 1048576K
}
Event: 3210.366 GC heap after
{Heap after GC invocations=339 (full 3):
 PSYoungGen      total 2048K, used 1536K [0x00000000d5580000, 0x00000000d5f00000, 0x0000000100000000)
  eden space 512K, 0% used [0x00000000d5580000,0x00000000d5580000,0x00000000d5600000)
  from space 1536K, 100% used [0x00000000d5980000,0x00000000d5b00000,0x00000000d5b00000)
  to   space 3584K, 0% used [0x00000000d5600000,0x00000000d5600000,0x00000000d5980000)
 ParOldGen       total 246272K, used 245817K [0x0000000080000000, 0x000000008f080000, 0x00000000d5580000)
  object space 246272K, 99% used [0x0000000080000000,0x000000008f00e620,0x000000008f080000)
 Metaspace       used 74406K, committed 75968K, reserved 1179648K
  class space    used 8036K, committed 8704K, reserved 1048576K
}
Event: 3210.371 GC heap before
{Heap before GC invocations=340 (full 3):
 PSYoungGen      total 2048K, used 2048K [0x00000000d5580000, 0x00000000d5f00000, 0x0000000100000000)
  eden space 512K, 100% used [0x00000000d5580000,0x00000000d5600000,0x00000000d5600000)
  from space 1536K, 100% used [0x00000000d5980000,0x00000000d5b00000,0x00000000d5b00000)
  to   space 3584K, 0% used [0x00000000d5600000,0x00000000d5600000,0x00000000d5980000)
 ParOldGen       total 246272K, used 245817K [0x0000000080000000, 0x000000008f080000, 0x00000000d5580000)
  object space 246272K, 99% used [0x0000000080000000,0x000000008f00e620,0x000000008f080000)
 Metaspace       used 74406K, committed 75968K, reserved 1179648K
  class space    used 8036K, committed 8704K, reserved 1048576K
}
Event: 3210.374 GC heap after
{Heap after GC invocations=340 (full 3):
 PSYoungGen      total 1536K, used 544K [0x00000000d5580000, 0x00000000d5a00000, 0x0000000100000000)
  eden space 512K, 0% used [0x00000000d5580000,0x00000000d5580000,0x00000000d5600000)
  from space 1024K, 53% used [0x00000000d5600000,0x00000000d5688000,0x00000000d5700000)
  to   space 1536K, 0% used [0x00000000d5880000,0x00000000d5880000,0x00000000d5a00000)
 ParOldGen       total 247808K, used 247369K [0x0000000080000000, 0x000000008f200000, 0x00000000d5580000)
  object space 247808K, 99% used [0x0000000080000000,0x000000008f192620,0x000000008f200000)
 Metaspace       used 74406K, committed 75968K, reserved 1179648K
  class space    used 8036K, committed 8704K, reserved 1048576K
}
Event: 3210.383 GC heap before
{Heap before GC invocations=341 (full 3):
 PSYoungGen      total 1536K, used 1056K [0x00000000d5580000, 0x00000000d5a00000, 0x0000000100000000)
  eden space 512K, 100% used [0x00000000d5580000,0x00000000d5600000,0x00000000d5600000)
  from space 1024K, 53% used [0x00000000d5600000,0x00000000d5688000,0x00000000d5700000)
  to   space 1536K, 0% used [0x00000000d5880000,0x00000000d5880000,0x00000000d5a00000)
 ParOldGen       total 247808K, used 247369K [0x0000000080000000, 0x000000008f200000, 0x00000000d5580000)
  object space 247808K, 99% used [0x0000000080000000,0x000000008f192620,0x000000008f200000)
 Metaspace       used 74406K, committed 75968K, reserved 1179648K
  class space    used 8036K, committed 8704K, reserved 1048576K
}
Event: 3210.387 GC heap after
{Heap after GC invocations=341 (full 3):
 PSYoungGen      total 1536K, used 352K [0x00000000d5580000, 0x00000000d5900000, 0x0000000100000000)
  eden space 1024K, 0% used [0x00000000d5580000,0x00000000d5580000,0x00000000d5680000)
  from space 512K, 68% used [0x00000000d5880000,0x00000000d58d8000,0x00000000d5900000)
  to   space 1024K, 0% used [0x00000000d5700000,0x00000000d5700000,0x00000000d5800000)
 ParOldGen       total 247808K, used 247769K [0x0000000080000000, 0x000000008f200000, 0x00000000d5580000)
  object space 247808K, 99% used [0x0000000080000000,0x000000008f1f6620,0x000000008f200000)
 Metaspace       used 74406K, committed 75968K, reserved 1179648K
  class space    used 8036K, committed 8704K, reserved 1048576K
}
Event: 3210.394 GC heap before
{Heap before GC invocations=342 (full 3):
 PSYoungGen      total 1536K, used 1338K [0x00000000d5580000, 0x00000000d5900000, 0x0000000100000000)
  eden space 1024K, 96% used [0x00000000d5580000,0x00000000d56769d8,0x00000000d5680000)
  from space 512K, 68% used [0x00000000d5880000,0x00000000d58d8000,0x00000000d5900000)
  to   space 1024K, 0% used [0x00000000d5700000,0x00000000d5700000,0x00000000d5800000)
 ParOldGen       total 247808K, used 247769K [0x0000000080000000, 0x000000008f200000, 0x00000000d5580000)
  object space 247808K, 99% used [0x0000000080000000,0x000000008f1f6620,0x000000008f200000)
 Metaspace       used 74406K, committed 75968K, reserved 1179648K
  class space    used 8036K, committed 8704K, reserved 1048576K
}
Event: 3210.395 GC heap after
{Heap after GC invocations=342 (full 3):
 PSYoungGen      total 2560K, used 288K [0x00000000d5580000, 0x00000000d5900000, 0x0000000100000000)
  eden space 1536K, 0% used [0x00000000d5580000,0x00000000d5580000,0x00000000d5700000)
  from space 1024K, 28% used [0x00000000d5700000,0x00000000d5748000,0x00000000d5800000)
  to   space 512K, 0% used [0x00000000d5880000,0x00000000d5880000,0x00000000d5900000)
 ParOldGen       total 248320K, used 247857K [0x0000000080000000, 0x000000008f280000, 0x00000000d5580000)
  object space 248320K, 99% used [0x0000000080000000,0x000000008f20c620,0x000000008f280000)
 Metaspace       used 74406K, committed 75968K, reserved 1179648K
  class space    used 8036K, committed 8704K, reserved 1048576K
}
Event: 3210.400 GC heap before
{Heap before GC invocations=343 (full 3):
 PSYoungGen      total 2560K, used 1824K [0x00000000d5580000, 0x00000000d5900000, 0x0000000100000000)
  eden space 1536K, 100% used [0x00000000d5580000,0x00000000d5700000,0x00000000d5700000)
  from space 1024K, 28% used [0x00000000d5700000,0x00000000d5748000,0x00000000d5800000)
  to   space 512K, 0% used [0x00000000d5880000,0x00000000d5880000,0x00000000d5900000)
 ParOldGen       total 248320K, used 247857K [0x0000000080000000, 0x000000008f280000, 0x00000000d5580000)
  object space 248320K, 99% used [0x0000000080000000,0x000000008f20c620,0x000000008f280000)
 Metaspace       used 74407K, committed 75968K, reserved 1179648K
  class space    used 8036K, committed 8704K, reserved 1048576K
}
Event: 3210.405 GC heap after
{Heap after GC invocations=343 (full 3):
 PSYoungGen      total 2048K, used 510K [0x00000000d5580000, 0x00000000d5a80000, 0x0000000100000000)
  eden space 1536K, 0% used [0x00000000d5580000,0x00000000d5580000,0x00000000d5700000)
  from space 512K, 99% used [0x00000000d5880000,0x00000000d58ff960,0x00000000d5900000)
  to   space 1536K, 0% used [0x00000000d5700000,0x00000000d5700000,0x00000000d5880000)
 ParOldGen       total 248832K, used 248539K [0x0000000080000000, 0x000000008f300000, 0x00000000d5580000)
  object space 248832K, 99% used [0x0000000080000000,0x000000008f2b6f30,0x000000008f300000)
 Metaspace       used 74407K, committed 75968K, reserved 1179648K
  class space    used 8036K, committed 8704K, reserved 1048576K
}
Event: 3210.408 GC heap before
{Heap before GC invocations=344 (full 3):
 PSYoungGen      total 2048K, used 2046K [0x00000000d5580000, 0x00000000d5a80000, 0x0000000100000000)
  eden space 1536K, 100% used [0x00000000d5580000,0x00000000d5700000,0x00000000d5700000)
  from space 512K, 99% used [0x00000000d5880000,0x00000000d58ff960,0x00000000d5900000)
  to   space 1536K, 0% used [0x00000000d5700000,0x00000000d5700000,0x00000000d5880000)
 ParOldGen       total 248832K, used 248539K [0x0000000080000000, 0x000000008f300000, 0x00000000d5580000)
  object space 248832K, 99% used [0x0000000080000000,0x000000008f2b6f30,0x000000008f300000)
 Metaspace       used 74407K, committed 75968K, reserved 1179648K
  class space    used 8036K, committed 8704K, reserved 1048576K
}
Event: 3210.410 GC heap after
{Heap after GC invocations=344 (full 3):
 PSYoungGen      total 3072K, used 1280K [0x00000000d5580000, 0x00000000d5a80000, 0x0000000100000000)
  eden space 1536K, 0% used [0x00000000d5580000,0x00000000d5580000,0x00000000d5700000)
  from space 1536K, 83% used [0x00000000d5700000,0x00000000d5840000,0x00000000d5880000)
  to   space 1536K, 0% used [0x00000000d5900000,0x00000000d5900000,0x00000000d5a80000)
 ParOldGen       total 249344K, used 249034K [0x0000000080000000, 0x000000008f380000, 0x00000000d5580000)
  object space 249344K, 99% used [0x0000000080000000,0x000000008f332890,0x000000008f380000)
 Metaspace       used 74407K, committed 75968K, reserved 1179648K
  class space    used 8036K, committed 8704K, reserved 1048576K
}
Event: 3210.413 GC heap before
{Heap before GC invocations=345 (full 3):
 PSYoungGen      total 3072K, used 2816K [0x00000000d5580000, 0x00000000d5a80000, 0x0000000100000000)
  eden space 1536K, 100% used [0x00000000d5580000,0x00000000d5700000,0x00000000d5700000)
  from space 1536K, 83% used [0x00000000d5700000,0x00000000d5840000,0x00000000d5880000)
  to   space 1536K, 0% used [0x00000000d5900000,0x00000000d5900000,0x00000000d5a80000)
 ParOldGen       total 249344K, used 249034K [0x0000000080000000, 0x000000008f380000, 0x00000000d5580000)
  object space 249344K, 99% used [0x0000000080000000,0x000000008f332890,0x000000008f380000)
 Metaspace       used 74407K, committed 75968K, reserved 1179648K
  class space    used 8036K, committed 8704K, reserved 1048576K
}
Event: 3210.415 GC heap after
{Heap after GC invocations=345 (full 3):
 PSYoungGen      total 3584K, used 1376K [0x00000000d5580000, 0x00000000d5a80000, 0x0000000100000000)
  eden space 2048K, 0% used [0x00000000d5580000,0x00000000d5580000,0x00000000d5780000)
  from space 1536K, 89% used [0x00000000d5900000,0x00000000d5a58000,0x00000000d5a80000)
  to   space 1536K, 0% used [0x00000000d5780000,0x00000000d5780000,0x00000000d5900000)
 ParOldGen       total 250368K, used 250178K [0x0000000080000000, 0x000000008f480000, 0x00000000d5580000)
  object space 250368K, 99% used [0x0000000080000000,0x000000008f450890,0x000000008f480000)
 Metaspace       used 74407K, committed 75968K, reserved 1179648K
  class space    used 8036K, committed 8704K, reserved 1048576K
}
Event: 4077.307 GC heap before
{Heap before GC invocations=346 (full 3):
 PSYoungGen      total 3584K, used 3424K [0x00000000d5580000, 0x00000000d5a80000, 0x0000000100000000)
  eden space 2048K, 100% used [0x00000000d5580000,0x00000000d5780000,0x00000000d5780000)
  from space 1536K, 89% used [0x00000000d5900000,0x00000000d5a58000,0x00000000d5a80000)
  to   space 1536K, 0% used [0x00000000d5780000,0x00000000d5780000,0x00000000d5900000)
 ParOldGen       total 250368K, used 250178K [0x0000000080000000, 0x000000008f480000, 0x00000000d5580000)
  object space 250368K, 99% used [0x0000000080000000,0x000000008f450890,0x000000008f480000)
 Metaspace       used 74435K, committed 76032K, reserved 1179648K
  class space    used 8040K, committed 8704K, reserved 1048576K
}
Event: 4077.408 GC heap after
{Heap after GC invocations=346 (full 3):
 PSYoungGen      total 3584K, used 736K [0x00000000d5580000, 0x00000000d5a00000, 0x0000000100000000)
  eden space 2048K, 0% used [0x00000000d5580000,0x00000000d5580000,0x00000000d5780000)
  from space 1536K, 47% used [0x00000000d5780000,0x00000000d5838000,0x00000000d5900000)
  to   space 1024K, 0% used [0x00000000d5900000,0x00000000d5900000,0x00000000d5a00000)
 ParOldGen       total 251904K, used 251450K [0x0000000080000000, 0x000000008f600000, 0x00000000d5580000)
  object space 251904K, 99% used [0x0000000080000000,0x000000008f58e890,0x000000008f600000)
 Metaspace       used 74435K, committed 76032K, reserved 1179648K
  class space    used 8040K, committed 8704K, reserved 1048576K
}

Dll operation events (12 events):
Event: 0.017 Loaded shared library c:\Users\Aluno\.vscode\extensions\redhat.java-1.46.0-win32-x64\jre\21.0.8-win32-x86_64\bin\java.dll
Event: 0.128 Loaded shared library c:\Users\Aluno\.vscode\extensions\redhat.java-1.46.0-win32-x64\jre\21.0.8-win32-x86_64\bin\zip.dll
Event: 0.156 Loaded shared library C:\Users\Aluno\.vscode\extensions\redhat.java-1.46.0-win32-x64\jre\21.0.8-win32-x86_64\bin\instrument.dll
Event: 0.161 Loaded shared library C:\Users\Aluno\.vscode\extensions\redhat.java-1.46.0-win32-x64\jre\21.0.8-win32-x86_64\bin\net.dll
Event: 0.163 Loaded shared library C:\Users\Aluno\.vscode\extensions\redhat.java-1.46.0-win32-x64\jre\21.0.8-win32-x86_64\bin\nio.dll
Event: 0.167 Loaded shared library C:\Users\Aluno\.vscode\extensions\redhat.java-1.46.0-win32-x64\jre\21.0.8-win32-x86_64\bin\zip.dll
Event: 0.185 Loaded shared library C:\Users\Aluno\.vscode\extensions\redhat.java-1.46.0-win32-x64\jre\21.0.8-win32-x86_64\bin\jimage.dll
Event: 0.251 Loaded shared library c:\Users\Aluno\.vscode\extensions\redhat.java-1.46.0-win32-x64\jre\21.0.8-win32-x86_64\bin\verify.dll
Event: 1.463 Loaded shared library C:\Users\Aluno\AppData\Roaming\Code\User\globalStorage\redhat.java\1.46.0\config_win\org.eclipse.equinox.launcher\org.eclipse.equinox.launcher.win32.win32.x86_64_1.2.1400.v20250801-0854\eclipse_11916.dll
Event: 3.026 Loaded shared library C:\Users\Aluno\AppData\Local\Temp\jna-63362251\jna16157274240543828340.dll
Event: 11.457 Loaded shared library C:\Users\Aluno\.vscode\extensions\redhat.java-1.46.0-win32-x64\jre\21.0.8-win32-x86_64\bin\sunmscapi.dll
Event: 61.676 Loaded shared library C:\Users\Aluno\.vscode\extensions\redhat.java-1.46.0-win32-x64\jre\21.0.8-win32-x86_64\bin\extnet.dll

Deoptimization events (20 events):
Event: 3210.417 Thread 0x000001e7915801c0 DEOPT PACKING pc=0x000001e732dc11b6 sp=0x000000b23c0feb00
Event: 3210.417 Thread 0x000001e7915801c0 DEOPT UNPACKING pc=0x000001e7389a4242 sp=0x000000b23c0fdf98 mode 0
Event: 3210.417 Thread 0x000001e7915801c0 DEOPT PACKING pc=0x000001e732db21d6 sp=0x000000b23c0fec60
Event: 3210.417 Thread 0x000001e7915801c0 DEOPT UNPACKING pc=0x000001e7389a4242 sp=0x000000b23c0fe1d8 mode 0
Event: 4596.813 Thread 0x000001e791585710 Uncommon trap: trap_request=0xffffffd6 fr.pc=0x000001e7396ef140 relative=0x0000000000000300
Event: 4596.813 Thread 0x000001e791585710 Uncommon trap: reason=array_check action=maybe_recompile pc=0x000001e7396ef140 method=java.util.concurrent.ScheduledThreadPoolExecutor$DelayedWorkQueue.offer(Ljava/lang/Runnable;)Z @ 65 c2
Event: 4596.813 Thread 0x000001e791585710 DEOPT PACKING pc=0x000001e7396ef140 sp=0x000000b23a4ff220
Event: 4596.815 Thread 0x000001e791585710 DEOPT UNPACKING pc=0x000001e7389a3aa2 sp=0x000000b23a4ff0c0 mode 2
Event: 4597.810 Thread 0x000001e791585710 Uncommon trap: trap_request=0xffffffd6 fr.pc=0x000001e7396ef140 relative=0x0000000000000300
Event: 4597.810 Thread 0x000001e791585710 Uncommon trap: reason=array_check action=maybe_recompile pc=0x000001e7396ef140 method=java.util.concurrent.ScheduledThreadPoolExecutor$DelayedWorkQueue.offer(Ljava/lang/Runnable;)Z @ 65 c2
Event: 4597.810 Thread 0x000001e791585710 DEOPT PACKING pc=0x000001e7396ef140 sp=0x000000b23a4ff220
Event: 4597.811 Thread 0x000001e791585710 DEOPT UNPACKING pc=0x000001e7389a3aa2 sp=0x000000b23a4ff0c0 mode 2
Event: 4598.808 Thread 0x000001e791585710 Uncommon trap: trap_request=0xffffffd6 fr.pc=0x000001e7396ef140 relative=0x0000000000000300
Event: 4598.808 Thread 0x000001e791585710 Uncommon trap: reason=array_check action=maybe_recompile pc=0x000001e7396ef140 method=java.util.concurrent.ScheduledThreadPoolExecutor$DelayedWorkQueue.offer(Ljava/lang/Runnable;)Z @ 65 c2
Event: 4598.808 Thread 0x000001e791585710 DEOPT PACKING pc=0x000001e7396ef140 sp=0x000000b23a4ff220
Event: 4598.808 Thread 0x000001e791585710 DEOPT UNPACKING pc=0x000001e7389a3aa2 sp=0x000000b23a4ff0c0 mode 2
Event: 4599.651 Thread 0x000001e79065b5f0 Uncommon trap: trap_request=0xffffffd6 fr.pc=0x000001e7396ef140 relative=0x0000000000000300
Event: 4599.651 Thread 0x000001e79065b5f0 Uncommon trap: reason=array_check action=maybe_recompile pc=0x000001e7396ef140 method=java.util.concurrent.ScheduledThreadPoolExecutor$DelayedWorkQueue.offer(Ljava/lang/Runnable;)Z @ 65 c2
Event: 4599.651 Thread 0x000001e79065b5f0 DEOPT PACKING pc=0x000001e7396ef140 sp=0x000000b23ceff200
Event: 4599.652 Thread 0x000001e79065b5f0 DEOPT UNPACKING pc=0x000001e7389a3aa2 sp=0x000000b23ceff0a0 mode 2

Classes loaded (20 events):
Event: 64.566 Loading class java/lang/ProcessHandleImpl$1
Event: 64.567 Loading class java/lang/ProcessHandleImpl$1 done
Event: 64.567 Loading class java/util/concurrent/CompletableFuture$UniHandle
Event: 64.568 Loading class java/util/concurrent/CompletableFuture$UniHandle done
Event: 351.700 Loading class java/util/stream/Nodes$CollectorTask$OfRef
Event: 351.703 Loading class java/util/stream/Nodes$CollectorTask
Event: 351.705 Loading class java/util/stream/Nodes$CollectorTask done
Event: 351.705 Loading class java/util/stream/Nodes$CollectorTask$OfRef done
Event: 351.760 Loading class java/util/function/LongFunction
Event: 351.761 Loading class java/util/function/LongFunction done
Event: 351.762 Loading class java/util/stream/Nodes$ConcNode
Event: 351.763 Loading class java/util/stream/Nodes$AbstractConcNode
Event: 351.764 Loading class java/util/stream/Nodes$AbstractConcNode done
Event: 351.764 Loading class java/util/stream/Nodes$ConcNode done
Event: 351.771 Loading class java/io/ObjectOutputStream$BlockDataOutputStream
Event: 351.772 Loading class java/io/ObjectOutputStream$BlockDataOutputStream done
Event: 351.772 Loading class java/io/ObjectOutputStream$HandleTable
Event: 351.773 Loading class java/io/ObjectOutputStream$HandleTable done
Event: 351.773 Loading class java/io/ObjectOutputStream$ReplaceTable
Event: 351.774 Loading class java/io/ObjectOutputStream$ReplaceTable done

Classes unloaded (11 events):
Event: 3.823 Thread 0x000001e72e1c4530 Unloading class 0x000001e7461ad400 'java/lang/invoke/LambdaForm$MH+0x000001e7461ad400'
Event: 3.823 Thread 0x000001e72e1c4530 Unloading class 0x000001e7461ad000 'java/lang/invoke/LambdaForm$MH+0x000001e7461ad000'
Event: 3.823 Thread 0x000001e72e1c4530 Unloading class 0x000001e7461acc00 'java/lang/invoke/LambdaForm$MH+0x000001e7461acc00'
Event: 3.823 Thread 0x000001e72e1c4530 Unloading class 0x000001e7461ac800 'java/lang/invoke/LambdaForm$MH+0x000001e7461ac800'
Event: 3.823 Thread 0x000001e72e1c4530 Unloading class 0x000001e7461ac400 'java/lang/invoke/LambdaForm$BMH+0x000001e7461ac400'
Event: 3.823 Thread 0x000001e72e1c4530 Unloading class 0x000001e7461ac000 'java/lang/invoke/LambdaForm$DMH+0x000001e7461ac000'
Event: 3.823 Thread 0x000001e72e1c4530 Unloading class 0x000001e7461aac00 'java/lang/invoke/LambdaForm$DMH+0x000001e7461aac00'
Event: 13.181 Thread 0x000001e72e1c4530 Unloading class 0x000001e7466c9800 'java/lang/invoke/LambdaForm$DMH+0x000001e7466c9800'
Event: 13.181 Thread 0x000001e72e1c4530 Unloading class 0x000001e7466c9000 'java/lang/invoke/LambdaForm$DMH+0x000001e7466c9000'
Event: 13.181 Thread 0x000001e72e1c4530 Unloading class 0x000001e7466c8c00 'java/lang/invoke/LambdaForm$DMH+0x000001e7466c8c00'
Event: 13.181 Thread 0x000001e72e1c4530 Unloading class 0x000001e7466c9400 'java/lang/invoke/LambdaForm$DMH+0x000001e7466c9400'

Classes redefined (0 events):
No events

Internal exceptions (20 events):
Event: 1148.208 Thread 0x000001e7915849f0 Exception <a 'sun/nio/fs/WindowsException'{0x00000000d56fc7a0}> (0x00000000d56fc7a0) 
thrown [s\src\hotspot\share\prims\jni.cpp, line 520]
Event: 1148.208 Thread 0x000001e7915849f0 Exception <a 'sun/nio/fs/WindowsException'{0x00000000d56fd4e8}> (0x00000000d56fd4e8) 
thrown [s\src\hotspot\share\prims\jni.cpp, line 520]
Event: 1148.208 Thread 0x000001e7915849f0 Exception <a 'sun/nio/fs/WindowsException'{0x00000000d56fddc8}> (0x00000000d56fddc8) 
thrown [s\src\hotspot\share\prims\jni.cpp, line 520]
Event: 1148.209 Thread 0x000001e7915849f0 Exception <a 'sun/nio/fs/WindowsException'{0x00000000d56ff540}> (0x00000000d56ff540) 
thrown [s\src\hotspot\share\prims\jni.cpp, line 520]
Event: 1148.209 Thread 0x000001e7915849f0 Exception <a 'sun/nio/fs/WindowsException'{0x00000000d56ffb70}> (0x00000000d56ffb70) 
thrown [s\src\hotspot\share\prims\jni.cpp, line 520]
Event: 1148.230 Thread 0x000001e7915849f0 Exception <a 'sun/nio/fs/WindowsException'{0x00000000d559fb10}> (0x00000000d559fb10) 
thrown [s\src\hotspot\share\prims\jni.cpp, line 520]
Event: 1148.230 Thread 0x000001e7915849f0 Exception <a 'sun/nio/fs/WindowsException'{0x00000000d55a03f0}> (0x00000000d55a03f0) 
thrown [s\src\hotspot\share\prims\jni.cpp, line 520]
Event: 1148.319 Thread 0x000001e791582920 Exception <a 'sun/nio/fs/WindowsException'{0x00000000d5597398}> (0x00000000d5597398) 
thrown [s\src\hotspot\share\prims\jni.cpp, line 520]
Event: 1148.319 Thread 0x000001e791582920 Exception <a 'sun/nio/fs/WindowsException'{0x00000000d5597c50}> (0x00000000d5597c50) 
thrown [s\src\hotspot\share\prims\jni.cpp, line 520]
Event: 2565.625 Thread 0x000001e791583640 Exception <a 'sun/nio/fs/WindowsException'{0x00000000d55cba90}> (0x00000000d55cba90) 
thrown [s\src\hotspot\share\prims\jni.cpp, line 520]
Event: 2565.629 Thread 0x000001e791583640 Exception <a 'sun/nio/fs/WindowsException'{0x00000000d55cc390}> (0x00000000d55cc390) 
thrown [s\src\hotspot\share\prims\jni.cpp, line 520]
Event: 2565.632 Thread 0x000001e791583640 Exception <a 'sun/nio/fs/WindowsException'{0x00000000d55cd360}> (0x00000000d55cd360) 
thrown [s\src\hotspot\share\prims\jni.cpp, line 520]
Event: 2565.632 Thread 0x000001e791583640 Exception <a 'sun/nio/fs/WindowsException'{0x00000000d55cdec8}> (0x00000000d55cdec8) 
thrown [s\src\hotspot\share\prims\jni.cpp, line 520]
Event: 2565.639 Thread 0x000001e791583640 Exception <a 'sun/nio/fs/WindowsException'{0x00000000d55cf8a0}> (0x00000000d55cf8a0) 
thrown [s\src\hotspot\share\prims\jni.cpp, line 520]
Event: 2565.639 Thread 0x000001e791583640 Exception <a 'sun/nio/fs/WindowsException'{0x00000000d55cfed0}> (0x00000000d55cfed0) 
thrown [s\src\hotspot\share\prims\jni.cpp, line 520]
Event: 2565.763 Thread 0x000001e791583640 Exception <a 'sun/nio/fs/WindowsException'{0x00000000d55f14d8}> (0x00000000d55f14d8) 
thrown [s\src\hotspot\share\prims\jni.cpp, line 520]
Event: 2565.763 Thread 0x000001e791583640 Exception <a 'sun/nio/fs/WindowsException'{0x00000000d55f2048}> (0x00000000d55f2048) 
thrown [s\src\hotspot\share\prims\jni.cpp, line 520]
Event: 2566.114 Thread 0x000001e7915849f0 Exception <a 'sun/nio/fs/WindowsException'{0x00000000d55ee700}> (0x00000000d55ee700) 
thrown [s\src\hotspot\share\prims\jni.cpp, line 520]
Event: 2566.115 Thread 0x000001e7915849f0 Exception <a 'sun/nio/fs/WindowsException'{0x00000000d55eed70}> (0x00000000d55eed70) 
thrown [s\src\hotspot\share\prims\jni.cpp, line 520]
Event: 3210.336 Thread 0x000001e79157fb30 Implicit null exception at 0x000001e73960b4f9 to 0x000001e73960bbb8

ZGC Phase Switch (0 events):
No events

VM Operations (20 events):
Event: 5832.059 Executing VM operation: HandshakeAllThreads (HandshakeForDeflation)
Event: 5832.061 Executing VM operation: HandshakeAllThreads (HandshakeForDeflation) done
Event: 5832.061 Executing VM operation: RendezvousGCThreads
Event: 5832.061 Executing VM operation: RendezvousGCThreads done
Event: 5892.210 Executing VM operation: HandshakeAllThreads (HandshakeForDeflation)
Event: 5892.214 Executing VM operation: HandshakeAllThreads (HandshakeForDeflation) done
Event: 5892.214 Executing VM operation: RendezvousGCThreads
Event: 5892.214 Executing VM operation: RendezvousGCThreads done
Event: 6613.903 Executing VM operation: HandshakeAllThreads (HandshakeForDeflation)
Event: 6613.906 Executing VM operation: HandshakeAllThreads (HandshakeForDeflation) done
Event: 6613.906 Executing VM operation: RendezvousGCThreads
Event: 6613.906 Executing VM operation: RendezvousGCThreads done
Event: 6674.027 Executing VM operation: HandshakeAllThreads (HandshakeForDeflation)
Event: 6674.027 Executing VM operation: HandshakeAllThreads (HandshakeForDeflation) done
Event: 6674.027 Executing VM operation: RendezvousGCThreads
Event: 6674.027 Executing VM operation: RendezvousGCThreads done
Event: 6734.083 Executing VM operation: HandshakeAllThreads (HandshakeForDeflation)
Event: 6734.083 Executing VM operation: HandshakeAllThreads (HandshakeForDeflation) done
Event: 6734.083 Executing VM operation: RendezvousGCThreads
Event: 6734.083 Executing VM operation: RendezvousGCThreads done

Memory protections (0 events):
No events

Nmethod flushes (20 events):
Event: 13.220 Thread 0x000001e72e1c4530 flushing  nmethod 0x000001e731bca390
Event: 13.220 Thread 0x000001e72e1c4530 flushing  nmethod 0x000001e731bca890
Event: 13.220 Thread 0x000001e72e1c4530 flushing  nmethod 0x000001e731bcd290
Event: 13.220 Thread 0x000001e72e1c4530 flushing  nmethod 0x000001e731bce890
Event: 13.220 Thread 0x000001e72e1c4530 flushing  nmethod 0x000001e731bcfe10
Event: 13.220 Thread 0x000001e72e1c4530 flushing  nmethod 0x000001e731bdc290
Event: 13.220 Thread 0x000001e72e1c4530 flushing  nmethod 0x000001e731bf7e10
Event: 13.220 Thread 0x000001e72e1c4530 flushing osr nmethod 0x000001e731c35510
Event: 13.220 Thread 0x000001e72e1c4530 flushing  nmethod 0x000001e731c4b590
Event: 13.220 Thread 0x000001e72e1c4530 flushing  nmethod 0x000001e731c61210
Event: 13.220 Thread 0x000001e72e1c4530 flushing  nmethod 0x000001e731c82510
Event: 13.220 Thread 0x000001e72e1c4530 flushing  nmethod 0x000001e731c82c10
Event: 13.220 Thread 0x000001e72e1c4530 flushing  nmethod 0x000001e731c83c90
Event: 13.220 Thread 0x000001e72e1c4530 flushing  nmethod 0x000001e731c87190
Event: 13.220 Thread 0x000001e72e1c4530 flushing  nmethod 0x000001e731ca8290
Event: 13.220 Thread 0x000001e72e1c4530 flushing  nmethod 0x000001e731cb3290
Event: 13.220 Thread 0x000001e72e1c4530 flushing  nmethod 0x000001e731cb5990
Event: 13.220 Thread 0x000001e72e1c4530 flushing  nmethod 0x000001e731cb9790
Event: 13.220 Thread 0x000001e72e1c4530 flushing  nmethod 0x000001e731cc6f90
Event: 13.220 Thread 0x000001e72e1c4530 flushing  nmethod 0x000001e731d23110

Events (20 events):
Event: 3209.473 Thread 0x000001e791582920 Thread added: 0x000001e791585080
Event: 3210.369 Thread 0x000001e72e1d4720 Thread added: 0x000001e78f7e17a0
Event: 3215.551 Thread 0x000001e78f7e17a0 Thread exited: 0x000001e78f7e17a0
Event: 3270.587 Thread 0x000001e7915849f0 Thread exited: 0x000001e7915849f0
Event: 3330.563 Thread 0x000001e791583640 Thread exited: 0x000001e791583640
Event: 3390.571 Thread 0x000001e7915801c0 Thread exited: 0x000001e7915801c0
Event: 3450.583 Thread 0x000001e791586430 Thread exited: 0x000001e791586430
Event: 3510.589 Thread 0x000001e791585080 Thread exited: 0x000001e791585080
Event: 3570.604 Thread 0x000001e791582290 Thread exited: 0x000001e791582290
Event: 3630.605 Thread 0x000001e791582920 Thread exited: 0x000001e791582920
Event: 3690.617 Thread 0x000001e791587150 Thread exited: 0x000001e791587150
Event: 3750.626 Thread 0x000001e791581c00 Thread exited: 0x000001e791581c00
Event: 3810.630 Thread 0x000001e791581570 Thread exited: 0x000001e791581570
Event: 3870.637 Thread 0x000001e79157fb30 Thread exited: 0x000001e79157fb30
Event: 3871.633 Thread 0x000001e79065d030 Thread added: 0x000001e791586430
Event: 3932.004 Thread 0x000001e791586430 Thread exited: 0x000001e791586430
Event: 4077.276 Thread 0x000001e79065d030 Thread added: 0x000001e791583640
Event: 4139.511 Thread 0x000001e791583640 Thread exited: 0x000001e791583640
Event: 4749.320 Thread 0x000001e79065d030 Thread added: 0x000001e791581570
Event: 4809.518 Thread 0x000001e791581570 Thread exited: 0x000001e791581570


Dynamic libraries:
0x00007ff6980c0000 - 0x00007ff6980ce000 	c:\Users\Aluno\.vscode\extensions\redhat.java-1.46.0-win32-x64\jre\21.0.8-win32-x86_64\bin\java.exe
0x00007ff83ee50000 - 0x00007ff83f067000 	C:\WINDOWS\SYSTEM32\ntdll.dll
0x00007ff83def0000 - 0x00007ff83dfb4000 	C:\WINDOWS\System32\KERNEL32.DLL
0x00007ff83c680000 - 0x00007ff83ca51000 	C:\WINDOWS\System32\KERNELBASE.dll
0x00007ff838680000 - 0x00007ff838717000 	C:\WINDOWS\SYSTEM32\apphelp.dll
0x00007ff83c460000 - 0x00007ff83c571000 	C:\WINDOWS\System32\ucrtbase.dll
0x00007ff82eec0000 - 0x00007ff82eed8000 	c:\Users\Aluno\.vscode\extensions\redhat.java-1.46.0-win32-x64\jre\21.0.8-win32-x86_64\bin\jli.dll
0x00007ff83dcb0000 - 0x00007ff83de61000 	C:\WINDOWS\System32\USER32.dll
0x00007ff83bf90000 - 0x00007ff83bfb6000 	C:\WINDOWS\System32\win32u.dll
0x00007ff83e6e0000 - 0x00007ff83e709000 	C:\WINDOWS\System32\GDI32.dll
0x00007ff83c340000 - 0x00007ff83c45b000 	C:\WINDOWS\System32\gdi32full.dll
0x00007ff83c2a0000 - 0x00007ff83c33a000 	C:\WINDOWS\System32\msvcp_win.dll
0x00007ff82ede0000 - 0x00007ff82edfe000 	c:\Users\Aluno\.vscode\extensions\redhat.java-1.46.0-win32-x64\jre\21.0.8-win32-x86_64\bin\VCRUNTIME140.dll
0x00007ff82c450000 - 0x00007ff82c6e2000 	C:\WINDOWS\WinSxS\amd64_microsoft.windows.common-controls_6595b64144ccf1df_6.0.22621.4830_none_270fe7d773858e80\COMCTL32.dll
0x00007ff83cc90000 - 0x00007ff83cd37000 	C:\WINDOWS\System32\msvcrt.dll
0x00007ff83dab0000 - 0x00007ff83dae1000 	C:\WINDOWS\System32\IMM32.DLL
0x00007ff838d80000 - 0x00007ff838d8c000 	c:\Users\Aluno\.vscode\extensions\redhat.java-1.46.0-win32-x64\jre\21.0.8-win32-x86_64\bin\vcruntime140_1.dll
0x00007ff81d020000 - 0x00007ff81d0ad000 	c:\Users\Aluno\.vscode\extensions\redhat.java-1.46.0-win32-x64\jre\21.0.8-win32-x86_64\bin\msvcp140.dll
0x00007fffac2d0000 - 0x00007fffad067000 	c:\Users\Aluno\.vscode\extensions\redhat.java-1.46.0-win32-x64\jre\21.0.8-win32-x86_64\bin\server\jvm.dll
0x00007ff83ed40000 - 0x00007ff83edf1000 	C:\WINDOWS\System32\ADVAPI32.dll
0x00007ff83cdf0000 - 0x00007ff83ce97000 	C:\WINDOWS\System32\sechost.dll
0x00007ff83bfc0000 - 0x00007ff83bfe8000 	C:\WINDOWS\System32\bcrypt.dll
0x00007ff83dfe0000 - 0x00007ff83e0f4000 	C:\WINDOWS\System32\RPCRT4.dll
0x00007ff83ecc0000 - 0x00007ff83ed31000 	C:\WINDOWS\System32\WS2_32.dll
0x00007ff83bcb0000 - 0x00007ff83bcfd000 	C:\WINDOWS\SYSTEM32\POWRPROF.dll
0x00007ff833060000 - 0x00007ff833094000 	C:\WINDOWS\SYSTEM32\WINMM.dll
0x00007ff833cf0000 - 0x00007ff833cfa000 	C:\WINDOWS\SYSTEM32\VERSION.dll
0x00007ff83bc90000 - 0x00007ff83bca3000 	C:\WINDOWS\SYSTEM32\UMPDC.dll
0x00007ff83af00000 - 0x00007ff83af18000 	C:\WINDOWS\SYSTEM32\kernel.appcore.dll
0x00007ff837270000 - 0x00007ff83727a000 	c:\Users\Aluno\.vscode\extensions\redhat.java-1.46.0-win32-x64\jre\21.0.8-win32-x86_64\bin\jimage.dll
0x00007ff839c40000 - 0x00007ff839e72000 	C:\WINDOWS\SYSTEM32\DBGHELP.DLL
0x00007ff83e710000 - 0x00007ff83eaa0000 	C:\WINDOWS\System32\combase.dll
0x00007ff83cbb0000 - 0x00007ff83cc87000 	C:\WINDOWS\System32\OLEAUT32.dll
0x00007ff82a4a0000 - 0x00007ff82a4d2000 	C:\WINDOWS\SYSTEM32\dbgcore.DLL
0x00007ff83c600000 - 0x00007ff83c67b000 	C:\WINDOWS\System32\bcryptPrimitives.dll
0x00007ff8327d0000 - 0x00007ff8327df000 	c:\Users\Aluno\.vscode\extensions\redhat.java-1.46.0-win32-x64\jre\21.0.8-win32-x86_64\bin\instrument.dll
0x00007ff82ec70000 - 0x00007ff82ec8f000 	c:\Users\Aluno\.vscode\extensions\redhat.java-1.46.0-win32-x64\jre\21.0.8-win32-x86_64\bin\java.dll
0x00007ff83d210000 - 0x00007ff83da98000 	C:\WINDOWS\System32\SHELL32.dll
0x00007ff83c160000 - 0x00007ff83c29f000 	C:\WINDOWS\System32\wintypes.dll
0x00007ff839ea0000 - 0x00007ff83a7ad000 	C:\WINDOWS\SYSTEM32\windows.storage.dll
0x00007ff83d040000 - 0x00007ff83d14a000 	C:\WINDOWS\System32\SHCORE.dll
0x00007ff83cd40000 - 0x00007ff83cd9e000 	C:\WINDOWS\System32\shlwapi.dll
0x00007ff83bec0000 - 0x00007ff83beeb000 	C:\WINDOWS\SYSTEM32\profapi.dll
0x00007ff82ec50000 - 0x00007ff82ec68000 	c:\Users\Aluno\.vscode\extensions\redhat.java-1.46.0-win32-x64\jre\21.0.8-win32-x86_64\bin\zip.dll
0x00007ff82ed40000 - 0x00007ff82ed50000 	C:\Users\Aluno\.vscode\extensions\redhat.java-1.46.0-win32-x64\jre\21.0.8-win32-x86_64\bin\net.dll
0x00007ff838760000 - 0x00007ff83888c000 	C:\WINDOWS\SYSTEM32\WINHTTP.dll
0x00007ff83b400000 - 0x00007ff83b46a000 	C:\WINDOWS\system32\mswsock.dll
0x00007ff82e430000 - 0x00007ff82e446000 	C:\Users\Aluno\.vscode\extensions\redhat.java-1.46.0-win32-x64\jre\21.0.8-win32-x86_64\bin\nio.dll
0x00007ff82ec40000 - 0x00007ff82ec50000 	c:\Users\Aluno\.vscode\extensions\redhat.java-1.46.0-win32-x64\jre\21.0.8-win32-x86_64\bin\verify.dll
0x00007ff824540000 - 0x00007ff824584000 	C:\Users\Aluno\AppData\Roaming\Code\User\globalStorage\redhat.java\1.46.0\config_win\org.eclipse.equinox.launcher\org.eclipse.equinox.launcher.win32.win32.x86_64_1.2.1400.v20250801-0854\eclipse_11916.dll
0x00007ff83eaa0000 - 0x00007ff83ec41000 	C:\WINDOWS\System32\ole32.dll
0x00007ff83b750000 - 0x00007ff83b76b000 	C:\WINDOWS\SYSTEM32\CRYPTSP.dll
0x00007ff83af20000 - 0x00007ff83af57000 	C:\WINDOWS\system32\rsaenh.dll
0x00007ff83b4a0000 - 0x00007ff83b4c8000 	C:\WINDOWS\SYSTEM32\USERENV.dll
0x00007ff83b730000 - 0x00007ff83b73c000 	C:\WINDOWS\SYSTEM32\CRYPTBASE.dll
0x00007ff83aa50000 - 0x00007ff83aa7d000 	C:\WINDOWS\SYSTEM32\IPHLPAPI.DLL
0x00007ff83ecb0000 - 0x00007ff83ecb9000 	C:\WINDOWS\System32\NSI.dll
0x00007ff81cfd0000 - 0x00007ff81d019000 	C:\Users\Aluno\AppData\Local\Temp\jna-63362251\jna16157274240543828340.dll
0x00007ff83d200000 - 0x00007ff83d208000 	C:\WINDOWS\System32\PSAPI.DLL
0x00007ff838740000 - 0x00007ff838759000 	C:\WINDOWS\SYSTEM32\dhcpcsvc6.DLL
0x00007ff838720000 - 0x00007ff83873f000 	C:\WINDOWS\SYSTEM32\dhcpcsvc.DLL
0x00007ff82f170000 - 0x00007ff82f17e000 	C:\Users\Aluno\.vscode\extensions\redhat.java-1.46.0-win32-x64\jre\21.0.8-win32-x86_64\bin\sunmscapi.dll
0x00007ff83bff0000 - 0x00007ff83c156000 	C:\WINDOWS\System32\CRYPT32.dll
0x00007ff83b8b0000 - 0x00007ff83b8dd000 	C:\WINDOWS\SYSTEM32\ncrypt.dll
0x00007ff83b870000 - 0x00007ff83b8a7000 	C:\WINDOWS\SYSTEM32\NTASN1.dll
0x00007ff837d60000 - 0x00007ff837d69000 	C:\Users\Aluno\.vscode\extensions\redhat.java-1.46.0-win32-x64\jre\21.0.8-win32-x86_64\bin\extnet.dll

JVMTI agents:
c:\Users\Aluno\.vscode\extensions\redhat.java-1.46.0-win32-x64\lombok\lombok-1.18.39-4050.jar path:c:\Users\Aluno\.vscode\extensions\redhat.java-1.46.0-win32-x64\jre\21.0.8-win32-x86_64\bin\instrument.dll, loaded, initialized, instrumentlib options:none

dbghelp: loaded successfully - version: 4.0.5 - missing functions: none
symbol engine: initialized successfully - sym options: 0x614 - pdb path: .;c:\Users\Aluno\.vscode\extensions\redhat.java-1.46.0-win32-x64\jre\21.0.8-win32-x86_64\bin;C:\WINDOWS\SYSTEM32;C:\WINDOWS\WinSxS\amd64_microsoft.windows.common-controls_6595b64144ccf1df_6.0.22621.4830_none_270fe7d773858e80;c:\Users\Aluno\.vscode\extensions\redhat.java-1.46.0-win32-x64\jre\21.0.8-win32-x86_64\bin\server;C:\Users\Aluno\AppData\Roaming\Code\User\globalStorage\redhat.java\1.46.0\config_win\org.eclipse.equinox.launcher\org.eclipse.equinox.launcher.win32.win32.x86_64_1.2.1400.v20250801-0854;C:\Users\Aluno\AppData\Local\Temp\jna-63362251

VM Arguments:
jvm_args: --add-modules=ALL-SYSTEM --add-opens=java.base/java.util=ALL-UNNAMED --add-opens=java.base/java.lang=ALL-UNNAMED --add-opens=java.base/sun.nio.fs=ALL-UNNAMED -Declipse.application=org.eclipse.jdt.ls.core.id1 -Dosgi.bundles.defaultStartLevel=4 -Declipse.product=org.eclipse.jdt.ls.core.product -Djava.import.generatesMetadataFilesAtProjectRoot=false -DDetectVMInstallationsJob.disabled=true -Dfile.encoding=utf8 -XX:+UseParallelGC -XX:GCTimeRatio=4 -XX:AdaptiveSizePolicyWeight=90 -Dsun.zip.disableMemoryMapping=true -Xmx2G -Xms100m -Xlog:disable -javaagent:c:\Users\Aluno\.vscode\extensions\redhat.java-1.46.0-win32-x64\lombok\lombok-1.18.39-4050.jar -XX:+HeapDumpOnOutOfMemoryError -XX:HeapDumpPath=c:\Users\Aluno\AppData\Roaming\Code\User\workspaceStorage\6805d130aa3b97c9109676c8cf309fc2\redhat.java -Daether.dependencyCollector.impl=bf 
java_command: c:\Users\Aluno\.vscode\extensions\redhat.java-1.46.0-win32-x64\server\plugins\org.eclipse.equinox.launcher_1.7.0.v20250519-0528.jar -configuration c:\Users\Aluno\AppData\Roaming\Code\User\globalStorage\redhat.java\1.46.0\config_win -data c:\Users\Aluno\AppData\Roaming\Code\User\workspaceStorage\6805d130aa3b97c9109676c8cf309fc2\redhat.java\jdt_ws --pipe=\\.\pipe\lsp-e020b16d869f341279258e51fc869929-sock
java_class_path (initial): c:\Users\Aluno\.vscode\extensions\redhat.java-1.46.0-win32-x64\server\plugins\org.eclipse.equinox.launcher_1.7.0.v20250519-0528.jar
Launcher Type: SUN_STANDARD

[Global flags]
    uintx AdaptiveSizePolicyWeight                 = 90                                        {product} {command line}
     intx CICompilerCount                          = 4                                         {product} {ergonomic}
    uintx GCTimeRatio                              = 4                                         {product} {command line}
     bool HeapDumpOnOutOfMemoryError               = true                                   {manageable} {command line}
    ccstr HeapDumpPath                             = c:\Users\Aluno\AppData\Roaming\Code\User\workspaceStorage\6805d130aa3b97c9109676c8cf309fc2\redhat.java         {manageable} {command line}
   size_t InitialHeapSize                          = 104857600                                 {product} {command line}
   size_t MaxHeapSize                              = 2147483648                                {product} {command line}
   size_t MaxNewSize                               = 715653120                                 {product} {ergonomic}
   size_t MinHeapDeltaBytes                        = 524288                                    {product} {ergonomic}
   size_t MinHeapSize                              = 104857600                                 {product} {command line}
   size_t NewSize                                  = 34603008                                  {product} {ergonomic}
    uintx NonNMethodCodeHeapSize                   = 5839372                                {pd product} {ergonomic}
    uintx NonProfiledCodeHeapSize                  = 122909434                              {pd product} {ergonomic}
   size_t OldSize                                  = 70254592                                  {product} {ergonomic}
    uintx ProfiledCodeHeapSize                     = 122909434                              {pd product} {ergonomic}
    uintx ReservedCodeCacheSize                    = 251658240                              {pd product} {ergonomic}
     bool SegmentedCodeCache                       = true                                      {product} {ergonomic}
   size_t SoftMaxHeapSize                          = 2147483648                             {manageable} {ergonomic}
     bool UseCompressedOops                        = true                           {product lp64_product} {ergonomic}
     bool UseLargePagesIndividualAllocation        = false                                  {pd product} {ergonomic}
     bool UseParallelGC                            = true                                      {product} {command line}

Logging:
Log output configuration:
 #0: stdout all=off uptime,level,tags foldmultilines=false
 #1: stderr all=off uptime,level,tags foldmultilines=false

Environment Variables:
PATH=C:\Program Files\Common Files\Oracle\Java\javapath;C:\Program Files (x86)\Common Files\Oracle\Java\java8path;C:\Program Files (x86)\Common Files\Oracle\Java\javapath;C:\Program Files\Microsoft MPI\Bin\;C:\WINDOWS\system32;C:\WINDOWS;C:\WINDOWS\System32\Wbem;C:\WINDOWS\System32\WindowsPowerShell\v1.0\;C:\WINDOWS\System32\OpenSSH\;C:\Program Files (x86)\Microsoft SQL Server\160\Tools\Binn\;C:\Program Files\Microsoft SQL Server\160\Tools\Binn\;C:\Program Files\Microsoft SQL Server\Client SDK\ODBC\170\Tools\Binn\;C:\Program Files\Microsoft SQL Server\160\DTS\Binn\;C:\Program Files (x86)\Microsoft SQL Server\160\DTS\Binn\;C:\ProgramData\UNIVALI\Portugol Studio;C:\Program Files\Git\cmd;C:\ProgramData\chocolatey\bin;C:\Program Files\nodejs\;C:\Users\Aluno\AppData\Local\Programs\Python\Launcher\;C:\Users\Aluno\AppData\Local\Microsoft\WindowsApps;;C:\Users\Aluno\AppData\Local\Programs\Microsoft VS Code\bin;C:\Program Files\JetBrains\IntelliJ IDEA Community Edition 2025.2\bin;C:\Users\Aluno\AppData\Roaming\npm
USERNAME=Aluno
OS=Windows_NT
PROCESSOR_IDENTIFIER=AMD64 Family 25 Model 80 Stepping 0, AuthenticAMD
TMP=C:\Users\Aluno\AppData\Local\Temp
TEMP=C:\Users\Aluno\AppData\Local\Temp




Periodic native trim disabled

---------------  S Y S T E M  ---------------

OS:
 Windows 11 , 64 bit Build 22621 (10.0.22621.4974)
OS uptime: 1 days 7:55 hours
Hyper-V role detected

CPU: total 12 (initial active 12) (12 cores per cpu, 2 threads per core) family 25 model 80 stepping 0 microcode 0x0, cx8, cmov, fxsr, ht, mmx, 3dnowpref, sse, sse2, sse3, ssse3, sse4a, sse4.1, sse4.2, popcnt, lzcnt, tsc, tscinvbit, avx, avx2, aes, erms, clmul, bmi1, bmi2, adx, sha, fma, vzeroupper, clflush, clflushopt, hv, rdtscp, rdpid, fsrm, f16c, cet_ss
Processor Information for the first 12 processors :
  Max Mhz: 3901, Current Mhz: 3901, Mhz Limit: 3901

Memory: 4k page, system-wide physical 7529M (384M free)
TotalPageFile size 31081M (AvailPageFile size 101M)
current process WorkingSet (physical memory assigned to process): 14M, peak: 368M
current process commit charge ("private bytes"): 536M, peak: 552M

vm_info: OpenJDK 64-Bit Server VM (21.0.8+9-LTS) for windows-amd64 JRE (21.0.8+9-LTS), built on 2025-07-15T00:00:00Z by "admin" with MS VC++ 17.7 (VS2022)

END.
